tmpdir = /big/server/var/www/web_prodres/proj/pred/static/tmp/tmp_webWZe
python /big/server/var/www/web_prodres/proj/pred/app/soft/PRODRES/PRODRES/PRODRES.py --input /big/server/var/www/web_prodres/proj/pred/static/tmp/tmp_webWZe/rst_nJK11B/query_0.fa --output /big/server/var/www/web_prodres/proj/pred/static/tmp/tmp_webWZe/rst_nJK11B/seq_0 --pfam-dir /big/server/var/www/web_prodres/proj/pred/app/soft/PRODRES/databases --pfamscan-script /big/server/var/www/web_prodres/misc/PfamScan/pfam_scan.pl --uniprot-db-fasta /big/server/var/www/web_prodres/proj/pred/app/soft/PRODRES/databases/blastdb/uniref90.fasta --verbose --second-search psiblast --pfamscan_bitscore 2 --pfamscan_clan-overlap yes --jackhmmer_max_iter 3 --jackhmmer-threshold-type bit-score --jackhmmer_bit-score 25 --psiblast_iter 3 --psiblast_outfmt 0
workflow:


Building a new DB, current time: 02/07/2017 15:28:02
New DB name:   /big/server/var/www/web_prodres/proj/pred/static/tmp/tmp_webWZe/rst_nJK11B/seq_0/query_0/temp//QUERY.hits.db.blastdb
New DB title:  /big/server/var/www/web_prodres/proj/pred/static/tmp/tmp_webWZe/rst_nJK11B/seq_0/query_0/temp//QUERY.hits.db
Sequence type: Protein
Keep MBits: T
Maximum file size: 1000000000B
Adding sequences from FASTA; added 31325 sequences in 0.684641 seconds.

    #########################################################################################
    #########                                                                       #########
    #########                             PRODRES PIPELINE                          #########
    #########                                                                       #########
    #########################################################################################
    
Beginning Environment testing...
Ending Environment testing.
	>>>Sequences found: 1 <<<

Beginning CDR...
	>Beginning CDR for sequence number 1/1: query_0
	>performing>>psiblast -num_iterations 3 -out /big/server/var/www/web_prodres/proj/pred/static/tmp/tmp_webWZe/rst_nJK11B/seq_0/query_0/outputs//psiOutput.txt -evalue 0.1 -dbsize 56526462 -out_ascii_pssm /big/server/var/www/web_prodres/proj/pred/static/tmp/tmp_webWZe/rst_nJK11B/seq_0/query_0/outputs//psiPSSM.txt -query /big/server/var/www/web_prodres/proj/pred/static/tmp/tmp_webWZe/rst_nJK11B/seq_0/query_0/temp//query.fa -db /big/server/var/www/web_prodres/proj/pred/static/tmp/tmp_webWZe/rst_nJK11B/seq_0/query_0/temp//QUERY.hits.db.blastdb -outfmt 0
		>end
Ending CDR.


cmdline: mv -f /big/server/var/www/web_prodres/proj/pred/static/result/rst_nJK11B/rst_nJK11B/seq_0 /big/server/var/www/web_prodres/proj/pred/static/result/cache/2c/2cf6cfd38dc997e731686d730f86f872
